[2019/12/06 06:40:09] - rs485 - serCommu - INFO - slave-01 has droped *0* pests
[2019/12/06 06:40:20] - rs485 - serCommu - INFO - slave-03 ckFrame failed, restart launch request
[2019/12/06 06:40:26] - rs485 - serCommu - INFO - slave-03 ckFrame failed, restart launch request
[2019/12/06 06:40:32] - rs485 - serCommu - INFO - slave-03 ckFrame failed, restart launch request
[2019/12/06 06:40:38] - rs485 - serCommu - INFO - slave-03 has droped *10* pests
[2019/12/06 06:40:38] - rs485 - serCommu - ERROR - slave-03 has crazy data occurred at the 0-th record.
[2019/12/06 06:40:38] - rs485 - serCommu - ERROR - slave-03 has crazy data occurred at the 1-th record.
[2019/12/06 06:40:38] - rs485 - serCommu - ERROR - slave-03 has crazy data occurred at the 2-th record.
[2019/12/06 06:40:38] - rs485 - serCommu - ERROR - slave-03 has crazy data occurred at the 3-th record.
[2019/12/06 06:40:38] - rs485 - serCommu - ERROR - slave-03 has crazy data occurred at the 4-th record.
[2019/12/06 06:40:38] - rs485 - serCommu - ERROR - slave-03 has crazy data occurred at the 5-th record.
[2019/12/06 06:40:38] - rs485 - serCommu - ERROR - slave-03 has crazy data occurred at the 6-th record.
[2019/12/06 06:40:38] - rs485 - serCommu - ERROR - slave-03 has crazy data occurred at the 7-th record.
[2019/12/06 06:40:38] - rs485 - serCommu - ERROR - slave-03 has crazy data occurred at the 8-th record.
[2019/12/06 06:40:38] - rs485 - serCommu - ERROR - slave-03 has crazy data occurred at the 9-th record.
[2019/12/06 06:40:40] - rs485 - utils - INFO - slave-03 restart success
[2019/12/06 06:40:40] - rs485 - utils - INFO - slave-03 launch bootloader success
[2019/12/06 06:40:40] - rs485 - utils - INFO - slave-03 launch app success
[2019/12/06 06:40:45] - rs485 - serCommu - INFO - slave-04 has droped *0* pests
[2019/12/06 06:40:50] - rs485 - serCommu - INFO - slave-05 has droped *0* pests
[2019/12/06 06:40:54] - rs485 - serCommu - INFO - slave-06 has droped *0* pests
[2019/12/06 06:40:59] - rs485 - utils - ERROR - slave-07 node down.
[2019/12/06 06:41:04] - rs485 - utils - ERROR - slave-08 node down.
[2019/12/06 06:41:09] - rs485 - utils - ERROR - slave-09 node down.
[2019/12/06 06:41:14] - rs485 - serCommu - INFO - slave-10 has droped *0* pests
[2019/12/06 06:41:18] - rs485 - serCommu - INFO - slave-11 has droped *0* pests
