[2019/11/22 10:40:10] - rs485 - serCommu - INFO - slave-01 has droped *1* pests
[2019/11/22 10:40:10] - rs485 - serCommu - ERROR - slave-01 has crazy data occurred at the 0-th record.
[2019/11/22 10:40:12] - rs485 - utils - INFO - slave-01 restart success
[2019/11/22 10:40:12] - rs485 - utils - INFO - slave-01 launch bootloader success
[2019/11/22 10:40:12] - rs485 - utils - INFO - slave-01 launch app success
[2019/11/22 10:40:17] - rs485 - serCommu - INFO - slave-03 has droped *0* pests
[2019/11/22 10:40:23] - rs485 - serCommu - INFO - slave-04 has droped *2* pests
[2019/11/22 10:40:23] - rs485 - serCommu - ERROR - slave-04 has crazy data occurred at the 0-th record.
[2019/11/22 10:40:23] - rs485 - serCommu - ERROR - slave-04 has crazy data occurred at the 1-th record.
[2019/11/22 10:40:25] - rs485 - utils - INFO - slave-04 restart success
[2019/11/22 10:40:25] - rs485 - utils - INFO - slave-04 launch bootloader success
[2019/11/22 10:40:25] - rs485 - utils - INFO - slave-04 launch app success
[2019/11/22 10:40:29] - rs485 - serCommu - INFO - slave-05 has droped *0* pests
[2019/11/22 10:40:34] - rs485 - serCommu - INFO - slave-06 has droped *0* pests
[2019/11/22 10:40:39] - rs485 - utils - ERROR - slave-07 node down.
[2019/11/22 10:40:44] - rs485 - serCommu - INFO - slave-08 has droped *1* pests
[2019/11/22 10:40:44] - rs485 - serCommu - ERROR - slave-08 has crazy data occurred at the 0-th record.
[2019/11/22 10:40:46] - rs485 - utils - INFO - slave-08 restart success
[2019/11/22 10:40:46] - rs485 - utils - INFO - slave-08 launch bootloader success
[2019/11/22 10:40:46] - rs485 - utils - INFO - slave-08 launch app success
[2019/11/22 10:40:51] - rs485 - utils - ERROR - slave-09 node down.
[2019/11/22 10:40:56] - rs485 - serCommu - INFO - slave-10 has droped *0* pests
[2019/11/22 10:41:01] - rs485 - serCommu - INFO - slave-11 has droped *0* pests
