[2019/11/26 11:20:10] - rs485 - serCommu - INFO - slave-01 has droped *1* pests
[2019/11/26 11:20:10] - rs485 - serCommu - ERROR - slave-01 has crazy data occurred at the 0-th record.
[2019/11/26 11:20:12] - rs485 - utils - INFO - slave-01 restart success
[2019/11/26 11:20:12] - rs485 - utils - INFO - slave-01 launch bootloader success
[2019/11/26 11:20:12] - rs485 - utils - INFO - slave-01 launch app success
[2019/11/26 11:20:22] - rs485 - serCommu - INFO - slave-03 ckFrame failed, restart launch request
[2019/11/26 11:20:29] - rs485 - serCommu - INFO - slave-03 has droped *10* pests
[2019/11/26 11:20:29] - rs485 - serCommu - ERROR - slave-03 has crazy data occurred at the 0-th record.
[2019/11/26 11:20:29] - rs485 - serCommu - ERROR - slave-03 has crazy data occurred at the 1-th record.
[2019/11/26 11:20:29] - rs485 - serCommu - ERROR - slave-03 has crazy data occurred at the 2-th record.
[2019/11/26 11:20:29] - rs485 - serCommu - ERROR - slave-03 has crazy data occurred at the 3-th record.
[2019/11/26 11:20:29] - rs485 - serCommu - ERROR - slave-03 has crazy data occurred at the 4-th record.
[2019/11/26 11:20:29] - rs485 - serCommu - ERROR - slave-03 has crazy data occurred at the 5-th record.
[2019/11/26 11:20:29] - rs485 - serCommu - ERROR - slave-03 has crazy data occurred at the 6-th record.
[2019/11/26 11:20:29] - rs485 - serCommu - ERROR - slave-03 has crazy data occurred at the 7-th record.
[2019/11/26 11:20:29] - rs485 - serCommu - ERROR - slave-03 has crazy data occurred at the 8-th record.
[2019/11/26 11:20:29] - rs485 - serCommu - ERROR - slave-03 has crazy data occurred at the 9-th record.
[2019/11/26 11:20:31] - rs485 - utils - INFO - slave-03 restart success
[2019/11/26 11:20:31] - rs485 - utils - INFO - slave-03 launch bootloader success
[2019/11/26 11:20:31] - rs485 - utils - INFO - slave-03 launch app success
[2019/11/26 11:20:35] - rs485 - serCommu - INFO - slave-04 has droped *0* pests
[2019/11/26 11:20:40] - rs485 - serCommu - INFO - slave-05 has droped *0* pests
[2019/11/26 11:20:45] - rs485 - serCommu - INFO - slave-06 has droped *0* pests
[2019/11/26 11:20:49] - rs485 - utils - ERROR - slave-07 node down.
[2019/11/26 11:20:55] - rs485 - serCommu - INFO - slave-08 has droped *1* pests
[2019/11/26 11:20:55] - rs485 - serCommu - ERROR - slave-08 has crazy data occurred at the 0-th record.
[2019/11/26 11:20:57] - rs485 - utils - INFO - slave-08 restart success
[2019/11/26 11:20:57] - rs485 - utils - INFO - slave-08 launch bootloader success
[2019/11/26 11:20:57] - rs485 - utils - INFO - slave-08 launch app success
[2019/11/26 11:21:02] - rs485 - utils - ERROR - slave-09 node down.
[2019/11/26 11:21:06] - rs485 - serCommu - INFO - slave-10 has droped *0* pests
[2019/11/26 11:21:11] - rs485 - serCommu - INFO - slave-11 has droped *0* pests
