[2019/11/22 03:40:10] - rs485 - serCommu - INFO - slave-01 has droped *0* pests
[2019/11/22 03:40:14] - rs485 - serCommu - INFO - slave-03 has droped *0* pests
[2019/11/22 03:40:22] - rs485 - serCommu - INFO - slave-04 ckFrame failed, restart launch request
[2019/11/22 03:40:25] - rs485 - serCommu - INFO - slave-04 has droped *5* pests
[2019/11/22 03:40:25] - rs485 - serCommu - ERROR - slave-04 has crazy data occurred at the 0-th record.
[2019/11/22 03:40:25] - rs485 - serCommu - ERROR - slave-04 has crazy data occurred at the 1-th record.
[2019/11/22 03:40:25] - rs485 - serCommu - ERROR - slave-04 has crazy data occurred at the 2-th record.
[2019/11/22 03:40:25] - rs485 - serCommu - ERROR - slave-04 has crazy data occurred at the 3-th record.
[2019/11/22 03:40:25] - rs485 - serCommu - ERROR - slave-04 has crazy data occurred at the 4-th record.
[2019/11/22 03:40:27] - rs485 - utils - INFO - slave-04 restart success
[2019/11/22 03:40:27] - rs485 - utils - INFO - slave-04 launch bootloader success
[2019/11/22 03:40:27] - rs485 - utils - INFO - slave-04 launch app success
[2019/11/22 03:40:32] - rs485 - serCommu - INFO - slave-05 has droped *0* pests
[2019/11/22 03:40:37] - rs485 - serCommu - INFO - slave-06 has droped *0* pests
[2019/11/22 03:40:42] - rs485 - utils - ERROR - slave-07 node down.
[2019/11/22 03:40:47] - rs485 - serCommu - INFO - slave-08 has droped *1* pests
[2019/11/22 03:40:47] - rs485 - serCommu - ERROR - slave-08 has crazy data occurred at the 0-th record.
[2019/11/22 03:40:49] - rs485 - utils - INFO - slave-08 restart success
[2019/11/22 03:40:49] - rs485 - utils - INFO - slave-08 launch bootloader success
[2019/11/22 03:40:49] - rs485 - utils - INFO - slave-08 launch app success
[2019/11/22 03:40:54] - rs485 - utils - ERROR - slave-09 node down.
[2019/11/22 03:40:59] - rs485 - serCommu - INFO - slave-10 has droped *0* pests
[2019/11/22 03:41:03] - rs485 - serCommu - INFO - slave-11 has droped *0* pests
