[2019/11/26 03:40:10] - rs485 - serCommu - INFO - slave-01 has droped *0* pests
[2019/11/26 03:40:14] - rs485 - serCommu - INFO - slave-03 has droped *0* pests
[2019/11/26 03:40:25] - rs485 - serCommu - INFO - slave-04 ckFrame failed, restart launch request
[2019/11/26 03:40:31] - rs485 - serCommu - INFO - slave-04 ckFrame failed, restart launch request
[2019/11/26 03:40:37] - rs485 - serCommu - INFO - slave-04 ckFrame failed, restart launch request
[2019/11/26 03:40:44] - rs485 - serCommu - INFO - slave-04 ckFrame failed, restart launch request
[2019/11/26 03:40:50] - rs485 - serCommu - INFO - slave-04 ckFrame failed, restart launch request
[2019/11/26 03:40:56] - rs485 - serCommu - INFO - slave-04 ckFrame failed, restart launch request
[2019/11/26 03:40:58] - rs485 - utils - INFO - slave-04 restart success
[2019/11/26 03:40:58] - rs485 - utils - INFO - slave-04 launch bootloader success
[2019/11/26 03:40:58] - rs485 - utils - INFO - slave-04 launch app success
[2019/11/26 03:41:03] - rs485 - serCommu - INFO - slave-05 has droped *0* pests
[2019/11/26 03:41:07] - rs485 - serCommu - INFO - slave-06 has droped *0* pests
[2019/11/26 03:41:12] - rs485 - utils - ERROR - slave-07 node down.
[2019/11/26 03:41:17] - rs485 - serCommu - INFO - slave-08 has droped *1* pests
[2019/11/26 03:41:17] - rs485 - serCommu - ERROR - slave-08 has crazy data occurred at the 0-th record.
[2019/11/26 03:41:20] - rs485 - utils - INFO - slave-08 restart success
[2019/11/26 03:41:20] - rs485 - utils - INFO - slave-08 launch bootloader success
[2019/11/26 03:41:20] - rs485 - utils - INFO - slave-08 launch app success
[2019/11/26 03:41:24] - rs485 - utils - ERROR - slave-09 node down.
[2019/11/26 03:41:29] - rs485 - serCommu - INFO - slave-10 has droped *0* pests
[2019/11/26 03:41:34] - rs485 - serCommu - INFO - slave-11 has droped *0* pests
