[2019/11/20 07:40:09] - rs485 - serCommu - INFO - slave-01 has droped *0* pests
[2019/11/20 07:40:15] - rs485 - serCommu - INFO - slave-03 has droped *1* pests
[2019/11/20 07:40:15] - rs485 - serCommu - ERROR - slave-03 has crazy data occurred at the 0-th record.
[2019/11/20 07:40:17] - rs485 - utils - INFO - slave-03 restart success
[2019/11/20 07:40:17] - rs485 - utils - INFO - slave-03 launch bootloader success
[2019/11/20 07:40:17] - rs485 - utils - INFO - slave-03 launch app success
[2019/11/20 07:40:24] - rs485 - serCommu - INFO - slave-04 has droped *5* pests
[2019/11/20 07:40:24] - rs485 - serCommu - ERROR - slave-04 has crazy data occurred at the 0-th record.
[2019/11/20 07:40:24] - rs485 - serCommu - ERROR - slave-04 has crazy data occurred at the 1-th record.
[2019/11/20 07:40:24] - rs485 - serCommu - ERROR - slave-04 has crazy data occurred at the 2-th record.
[2019/11/20 07:40:24] - rs485 - serCommu - ERROR - slave-04 has crazy data occurred at the 3-th record.
[2019/11/20 07:40:24] - rs485 - serCommu - ERROR - slave-04 has crazy data occurred at the 4-th record.
[2019/11/20 07:40:26] - rs485 - utils - INFO - slave-04 restart success
[2019/11/20 07:40:26] - rs485 - utils - INFO - slave-04 launch bootloader success
[2019/11/20 07:40:26] - rs485 - utils - INFO - slave-04 launch app success
[2019/11/20 07:40:31] - rs485 - serCommu - INFO - slave-05 has droped *0* pests
[2019/11/20 07:40:36] - rs485 - serCommu - INFO - slave-06 has droped *0* pests
[2019/11/20 07:40:40] - rs485 - utils - ERROR - slave-07 node down.
[2019/11/20 07:40:45] - rs485 - serCommu - INFO - slave-08 has droped *0* pests
[2019/11/20 07:40:50] - rs485 - utils - ERROR - slave-09 node down.
[2019/11/20 07:40:55] - rs485 - serCommu - INFO - slave-10 has droped *0* pests
[2019/11/20 07:40:59] - rs485 - serCommu - INFO - slave-11 has droped *0* pests
