[2019/11/27 07:40:09] - rs485 - serCommu - INFO - slave-01 has droped *0* pests
[2019/11/27 07:40:20] - rs485 - serCommu - INFO - slave-03 ckFrame failed, restart launch request
[2019/11/27 07:40:26] - rs485 - serCommu - INFO - slave-03 ckFrame failed, restart launch request
[2019/11/27 07:40:32] - rs485 - serCommu - INFO - slave-03 ckFrame failed, restart launch request
[2019/11/27 07:40:39] - rs485 - serCommu - INFO - slave-03 ckFrame failed, restart launch request
[2019/11/27 07:40:45] - rs485 - serCommu - INFO - slave-03 has droped *10* pests
[2019/11/27 07:40:45] - rs485 - serCommu - ERROR - slave-03 has crazy data occurred at the 0-th record.
[2019/11/27 07:40:45] - rs485 - serCommu - ERROR - slave-03 has crazy data occurred at the 1-th record.
[2019/11/27 07:40:45] - rs485 - serCommu - ERROR - slave-03 has crazy data occurred at the 2-th record.
[2019/11/27 07:40:45] - rs485 - serCommu - ERROR - slave-03 has crazy data occurred at the 3-th record.
[2019/11/27 07:40:45] - rs485 - serCommu - ERROR - slave-03 has crazy data occurred at the 4-th record.
[2019/11/27 07:40:45] - rs485 - serCommu - ERROR - slave-03 has crazy data occurred at the 5-th record.
[2019/11/27 07:40:45] - rs485 - serCommu - ERROR - slave-03 has crazy data occurred at the 6-th record.
[2019/11/27 07:40:45] - rs485 - serCommu - ERROR - slave-03 has crazy data occurred at the 7-th record.
[2019/11/27 07:40:45] - rs485 - serCommu - ERROR - slave-03 has crazy data occurred at the 8-th record.
[2019/11/27 07:40:45] - rs485 - serCommu - ERROR - slave-03 has crazy data occurred at the 9-th record.
[2019/11/27 07:40:47] - rs485 - utils - INFO - slave-03 restart success
[2019/11/27 07:40:47] - rs485 - utils - INFO - slave-03 launch bootloader success
[2019/11/27 07:40:47] - rs485 - utils - INFO - slave-03 launch app success
[2019/11/27 07:40:52] - rs485 - serCommu - INFO - slave-04 has droped *0* pests
[2019/11/27 07:40:56] - rs485 - serCommu - INFO - slave-05 has droped *0* pests
[2019/11/27 07:41:01] - rs485 - serCommu - INFO - slave-06 has droped *0* pests
[2019/11/27 07:41:06] - rs485 - utils - ERROR - slave-07 node down.
[2019/11/27 07:41:11] - rs485 - serCommu - INFO - slave-08 has droped *1* pests
[2019/11/27 07:41:11] - rs485 - serCommu - ERROR - slave-08 has crazy data occurred at the 0-th record.
[2019/11/27 07:41:13] - rs485 - utils - INFO - slave-08 restart success
[2019/11/27 07:41:13] - rs485 - utils - INFO - slave-08 launch bootloader success
[2019/11/27 07:41:13] - rs485 - utils - INFO - slave-08 launch app success
[2019/11/27 07:41:18] - rs485 - utils - ERROR - slave-09 node down.
[2019/11/27 07:41:23] - rs485 - serCommu - INFO - slave-10 has droped *0* pests
[2019/11/27 07:41:27] - rs485 - serCommu - INFO - slave-11 has droped *0* pests
