[2019/11/21 03:20:10] - rs485 - serCommu - INFO - slave-01 has droped *0* pests
[2019/11/21 03:20:16] - rs485 - serCommu - INFO - slave-03 has droped *2* pests
[2019/11/21 03:20:16] - rs485 - serCommu - ERROR - slave-03 has crazy data occurred at the 0-th record.
[2019/11/21 03:20:16] - rs485 - serCommu - ERROR - slave-03 has crazy data occurred at the 1-th record.
[2019/11/21 03:20:18] - rs485 - utils - INFO - slave-03 restart success
[2019/11/21 03:20:18] - rs485 - utils - INFO - slave-03 launch bootloader success
[2019/11/21 03:20:18] - rs485 - utils - INFO - slave-03 launch app success
[2019/11/21 03:20:24] - rs485 - serCommu - INFO - slave-04 has droped *3* pests
[2019/11/21 03:20:24] - rs485 - serCommu - ERROR - slave-04 has crazy data occurred at the 0-th record.
[2019/11/21 03:20:24] - rs485 - serCommu - ERROR - slave-04 has crazy data occurred at the 1-th record.
[2019/11/21 03:20:24] - rs485 - serCommu - ERROR - slave-04 has crazy data occurred at the 2-th record.
[2019/11/21 03:20:26] - rs485 - utils - INFO - slave-04 restart success
[2019/11/21 03:20:26] - rs485 - utils - INFO - slave-04 launch bootloader success
[2019/11/21 03:20:26] - rs485 - utils - INFO - slave-04 launch app success
[2019/11/21 03:20:31] - rs485 - serCommu - INFO - slave-05 has droped *0* pests
[2019/11/21 03:20:35] - rs485 - serCommu - INFO - slave-06 has droped *0* pests
[2019/11/21 03:20:40] - rs485 - utils - ERROR - slave-07 node down.
[2019/11/21 03:20:45] - rs485 - serCommu - INFO - slave-08 has droped *0* pests
[2019/11/21 03:20:50] - rs485 - utils - ERROR - slave-09 node down.
[2019/11/21 03:20:54] - rs485 - serCommu - INFO - slave-10 has droped *0* pests
[2019/11/21 03:20:59] - rs485 - serCommu - INFO - slave-11 has droped *0* pests
