[2019/11/27 07:00:10] - rs485 - serCommu - INFO - slave-01 has droped *0* pests
[2019/11/27 07:00:14] - rs485 - serCommu - INFO - slave-03 has droped *0* pests
[2019/11/27 07:00:25] - rs485 - serCommu - INFO - slave-04 ckFrame failed, restart launch request
[2019/11/27 07:00:31] - rs485 - serCommu - INFO - slave-04 ckFrame failed, restart launch request
[2019/11/27 07:00:37] - rs485 - serCommu - INFO - slave-04 ckFrame failed, restart launch request
[2019/11/27 07:00:43] - rs485 - serCommu - INFO - slave-04 ckFrame failed, restart launch request
[2019/11/27 07:00:50] - rs485 - serCommu - INFO - slave-04 ckFrame failed, restart launch request
[2019/11/27 07:00:56] - rs485 - serCommu - INFO - slave-04 has droped *10* pests
[2019/11/27 07:00:56] - rs485 - serCommu - ERROR - slave-04 has crazy data occurred at the 0-th record.
[2019/11/27 07:00:56] - rs485 - serCommu - ERROR - slave-04 has crazy data occurred at the 1-th record.
[2019/11/27 07:00:56] - rs485 - serCommu - ERROR - slave-04 has crazy data occurred at the 2-th record.
[2019/11/27 07:00:56] - rs485 - serCommu - ERROR - slave-04 has crazy data occurred at the 3-th record.
[2019/11/27 07:00:56] - rs485 - serCommu - ERROR - slave-04 has crazy data occurred at the 4-th record.
[2019/11/27 07:00:56] - rs485 - serCommu - ERROR - slave-04 has crazy data occurred at the 5-th record.
[2019/11/27 07:00:56] - rs485 - serCommu - ERROR - slave-04 has crazy data occurred at the 6-th record.
[2019/11/27 07:00:56] - rs485 - serCommu - ERROR - slave-04 has crazy data occurred at the 7-th record.
[2019/11/27 07:00:56] - rs485 - serCommu - ERROR - slave-04 has crazy data occurred at the 8-th record.
[2019/11/27 07:00:56] - rs485 - serCommu - ERROR - slave-04 has crazy data occurred at the 9-th record.
[2019/11/27 07:00:58] - rs485 - utils - INFO - slave-04 restart success
[2019/11/27 07:00:58] - rs485 - utils - INFO - slave-04 launch bootloader success
[2019/11/27 07:00:58] - rs485 - utils - INFO - slave-04 launch app success
[2019/11/27 07:01:03] - rs485 - serCommu - INFO - slave-05 has droped *0* pests
[2019/11/27 07:01:07] - rs485 - serCommu - INFO - slave-06 has droped *0* pests
[2019/11/27 07:01:12] - rs485 - utils - ERROR - slave-07 node down.
[2019/11/27 07:01:17] - rs485 - serCommu - INFO - slave-08 has droped *0* pests
[2019/11/27 07:01:22] - rs485 - utils - ERROR - slave-09 node down.
[2019/11/27 07:01:27] - rs485 - serCommu - INFO - slave-10 has droped *0* pests
[2019/11/27 07:01:31] - rs485 - serCommu - INFO - slave-11 has droped *0* pests
