[2019/12/04 08:00:09] - rs485 - serCommu - INFO - slave-01 has droped *0* pests
[2019/12/04 08:00:20] - rs485 - serCommu - INFO - slave-03 ckFrame failed, restart launch request
[2019/12/04 08:00:26] - rs485 - serCommu - INFO - slave-03 ckFrame failed, restart launch request
[2019/12/04 08:00:32] - rs485 - serCommu - INFO - slave-03 ckFrame failed, restart launch request
[2019/12/04 08:00:38] - rs485 - serCommu - INFO - slave-03 has droped *10* pests
[2019/12/04 08:00:38] - rs485 - serCommu - ERROR - slave-03 has crazy data occurred at the 0-th record.
[2019/12/04 08:00:38] - rs485 - serCommu - ERROR - slave-03 has crazy data occurred at the 1-th record.
[2019/12/04 08:00:38] - rs485 - serCommu - ERROR - slave-03 has crazy data occurred at the 2-th record.
[2019/12/04 08:00:38] - rs485 - serCommu - ERROR - slave-03 has crazy data occurred at the 3-th record.
[2019/12/04 08:00:38] - rs485 - serCommu - ERROR - slave-03 has crazy data occurred at the 4-th record.
[2019/12/04 08:00:38] - rs485 - serCommu - ERROR - slave-03 has crazy data occurred at the 5-th record.
[2019/12/04 08:00:39] - rs485 - serCommu - ERROR - slave-03 has crazy data occurred at the 6-th record.
[2019/12/04 08:00:39] - rs485 - serCommu - ERROR - slave-03 has crazy data occurred at the 7-th record.
[2019/12/04 08:00:39] - rs485 - serCommu - ERROR - slave-03 has crazy data occurred at the 8-th record.
[2019/12/04 08:00:39] - rs485 - serCommu - ERROR - slave-03 has crazy data occurred at the 9-th record.
[2019/12/04 08:00:41] - rs485 - utils - INFO - slave-03 restart success
[2019/12/04 08:00:41] - rs485 - utils - INFO - slave-03 launch bootloader success
[2019/12/04 08:00:41] - rs485 - utils - INFO - slave-03 launch app success
[2019/12/04 08:00:45] - rs485 - serCommu - INFO - slave-04 has droped *0* pests
[2019/12/04 08:00:50] - rs485 - serCommu - INFO - slave-05 has droped *0* pests
[2019/12/04 08:00:54] - rs485 - serCommu - INFO - slave-06 has droped *0* pests
[2019/12/04 08:00:59] - rs485 - utils - ERROR - slave-07 node down.
[2019/12/04 08:01:04] - rs485 - utils - ERROR - slave-08 node down.
[2019/12/04 08:01:09] - rs485 - utils - ERROR - slave-09 node down.
[2019/12/04 08:01:14] - rs485 - serCommu - INFO - slave-10 has droped *0* pests
[2019/12/04 08:01:19] - rs485 - serCommu - INFO - slave-11 has droped *0* pests
