[2019/12/10 09:20:10] - rs485 - serCommu - INFO - slave-01 has droped *0* pests
[2019/12/10 09:20:14] - rs485 - serCommu - INFO - slave-03 has droped *0* pests
[2019/12/10 09:20:25] - rs485 - serCommu - INFO - slave-04 ckFrame failed, restart launch request
[2019/12/10 09:20:31] - rs485 - serCommu - INFO - slave-04 ckFrame failed, restart launch request
[2019/12/10 09:20:37] - rs485 - serCommu - INFO - slave-04 has droped *10* pests
[2019/12/10 09:20:37] - rs485 - serCommu - ERROR - slave-04 has crazy data occurred at the 0-th record.
[2019/12/10 09:20:37] - rs485 - serCommu - ERROR - slave-04 has crazy data occurred at the 1-th record.
[2019/12/10 09:20:38] - rs485 - serCommu - ERROR - slave-04 has crazy data occurred at the 2-th record.
[2019/12/10 09:20:38] - rs485 - serCommu - ERROR - slave-04 has crazy data occurred at the 3-th record.
[2019/12/10 09:20:38] - rs485 - serCommu - ERROR - slave-04 has crazy data occurred at the 4-th record.
[2019/12/10 09:20:38] - rs485 - serCommu - ERROR - slave-04 has crazy data occurred at the 5-th record.
[2019/12/10 09:20:38] - rs485 - serCommu - ERROR - slave-04 has crazy data occurred at the 6-th record.
[2019/12/10 09:20:38] - rs485 - serCommu - ERROR - slave-04 has crazy data occurred at the 7-th record.
[2019/12/10 09:20:38] - rs485 - serCommu - ERROR - slave-04 has crazy data occurred at the 8-th record.
[2019/12/10 09:20:38] - rs485 - serCommu - ERROR - slave-04 has crazy data occurred at the 9-th record.
[2019/12/10 09:20:40] - rs485 - utils - INFO - slave-04 restart success
[2019/12/10 09:20:40] - rs485 - utils - INFO - slave-04 launch bootloader success
[2019/12/10 09:20:40] - rs485 - utils - INFO - slave-04 launch app success
[2019/12/10 09:20:44] - rs485 - serCommu - INFO - slave-05 has droped *0* pests
[2019/12/10 09:20:49] - rs485 - serCommu - INFO - slave-06 has droped *0* pests
[2019/12/10 09:20:54] - rs485 - utils - ERROR - slave-07 node down.
[2019/12/10 09:20:59] - rs485 - utils - ERROR - slave-08 node down.
[2019/12/10 09:21:04] - rs485 - utils - ERROR - slave-09 node down.
[2019/12/10 09:21:08] - rs485 - serCommu - INFO - slave-10 has droped *0* pests
[2019/12/10 09:21:13] - rs485 - serCommu - INFO - slave-11 has droped *0* pests
