[2019/11/22 06:20:10] - rs485 - serCommu - INFO - slave-01 has droped *0* pests
[2019/11/22 06:20:20] - rs485 - serCommu - INFO - slave-03 ckFrame failed, restart launch request
[2019/11/22 06:20:27] - rs485 - serCommu - INFO - slave-03 ckFrame failed, restart launch request
[2019/11/22 06:20:33] - rs485 - serCommu - INFO - slave-03 ckFrame failed, restart launch request
[2019/11/22 06:20:39] - rs485 - serCommu - INFO - slave-03 ckFrame failed, restart launch request
[2019/11/22 06:20:45] - rs485 - serCommu - INFO - slave-03 ckFrame failed, restart launch request
[2019/11/22 06:20:51] - rs485 - serCommu - INFO - slave-03 has droped *10* pests
[2019/11/22 06:20:51] - rs485 - serCommu - ERROR - slave-03 has crazy data occurred at the 0-th record.
[2019/11/22 06:20:51] - rs485 - serCommu - ERROR - slave-03 has crazy data occurred at the 1-th record.
[2019/11/22 06:20:51] - rs485 - serCommu - ERROR - slave-03 has crazy data occurred at the 2-th record.
[2019/11/22 06:20:51] - rs485 - serCommu - ERROR - slave-03 has crazy data occurred at the 3-th record.
[2019/11/22 06:20:51] - rs485 - serCommu - ERROR - slave-03 has crazy data occurred at the 4-th record.
[2019/11/22 06:20:51] - rs485 - serCommu - ERROR - slave-03 has crazy data occurred at the 5-th record.
[2019/11/22 06:20:51] - rs485 - serCommu - ERROR - slave-03 has crazy data occurred at the 6-th record.
[2019/11/22 06:20:51] - rs485 - serCommu - ERROR - slave-03 has crazy data occurred at the 7-th record.
[2019/11/22 06:20:51] - rs485 - serCommu - ERROR - slave-03 has crazy data occurred at the 8-th record.
[2019/11/22 06:20:51] - rs485 - serCommu - ERROR - slave-03 has crazy data occurred at the 9-th record.
[2019/11/22 06:20:53] - rs485 - utils - INFO - slave-03 restart success
[2019/11/22 06:20:53] - rs485 - utils - INFO - slave-03 launch bootloader success
[2019/11/22 06:20:53] - rs485 - utils - INFO - slave-03 launch app success
[2019/11/22 06:21:00] - rs485 - serCommu - INFO - slave-04 has droped *3* pests
[2019/11/22 06:21:00] - rs485 - serCommu - ERROR - slave-04 has crazy data occurred at the 0-th record.
[2019/11/22 06:21:00] - rs485 - serCommu - ERROR - slave-04 has crazy data occurred at the 1-th record.
[2019/11/22 06:21:00] - rs485 - serCommu - ERROR - slave-04 has crazy data occurred at the 2-th record.
[2019/11/22 06:21:02] - rs485 - utils - INFO - slave-04 restart success
[2019/11/22 06:21:02] - rs485 - utils - INFO - slave-04 launch bootloader success
[2019/11/22 06:21:02] - rs485 - utils - INFO - slave-04 launch app success
[2019/11/22 06:21:07] - rs485 - serCommu - INFO - slave-05 has droped *0* pests
[2019/11/22 06:21:11] - rs485 - serCommu - INFO - slave-06 has droped *0* pests
[2019/11/22 06:21:16] - rs485 - utils - ERROR - slave-07 node down.
[2019/11/22 06:21:21] - rs485 - serCommu - INFO - slave-08 has droped *0* pests
[2019/11/22 06:21:26] - rs485 - utils - ERROR - slave-09 node down.
[2019/11/22 06:21:30] - rs485 - serCommu - INFO - slave-10 has droped *0* pests
[2019/11/22 06:21:35] - rs485 - serCommu - INFO - slave-11 has droped *0* pests
