[2019/11/21 09:00:09] - rs485 - serCommu - INFO - slave-01 has droped *0* pests
[2019/11/21 09:00:14] - rs485 - serCommu - INFO - slave-03 has droped *0* pests
[2019/11/21 09:00:20] - rs485 - serCommu - INFO - slave-04 ckFrame failed, restart launch request
[2019/11/21 09:00:21] - rs485 - serCommu - INFO - slave-04 has droped *2* pests
[2019/11/21 09:00:21] - rs485 - serCommu - ERROR - slave-04 has crazy data occurred at the 0-th record.
[2019/11/21 09:00:21] - rs485 - serCommu - ERROR - slave-04 has crazy data occurred at the 1-th record.
[2019/11/21 09:00:23] - rs485 - utils - INFO - slave-04 restart success
[2019/11/21 09:00:23] - rs485 - utils - INFO - slave-04 launch bootloader success
[2019/11/21 09:00:23] - rs485 - utils - INFO - slave-04 launch app success
[2019/11/21 09:00:28] - rs485 - serCommu - INFO - slave-05 has droped *0* pests
[2019/11/21 09:00:32] - rs485 - serCommu - INFO - slave-06 has droped *0* pests
[2019/11/21 09:00:37] - rs485 - utils - ERROR - slave-07 node down.
[2019/11/21 09:00:43] - rs485 - serCommu - INFO - slave-08 ckFrame failed, restart launch request
[2019/11/21 09:00:43] - rs485 - serCommu - INFO - slave-08 has droped *1* pests
[2019/11/21 09:00:43] - rs485 - serCommu - ERROR - slave-08 has crazy data occurred at the 0-th record.
[2019/11/21 09:00:46] - rs485 - utils - INFO - slave-08 restart success
[2019/11/21 09:00:46] - rs485 - utils - INFO - slave-08 launch bootloader success
[2019/11/21 09:00:46] - rs485 - utils - INFO - slave-08 launch app success
[2019/11/21 09:00:50] - rs485 - utils - ERROR - slave-09 node down.
[2019/11/21 09:00:55] - rs485 - serCommu - INFO - slave-10 has droped *0* pests
[2019/11/21 09:01:00] - rs485 - serCommu - INFO - slave-11 has droped *0* pests
