[2019/11/23 06:00:10] - rs485 - serCommu - INFO - slave-01 has droped *0* pests
[2019/11/23 06:00:20] - rs485 - serCommu - INFO - slave-03 ckFrame failed, restart launch request
[2019/11/23 06:00:27] - rs485 - serCommu - INFO - slave-03 ckFrame failed, restart launch request
[2019/11/23 06:00:33] - rs485 - serCommu - INFO - slave-03 ckFrame failed, restart launch request
[2019/11/23 06:00:39] - rs485 - serCommu - INFO - slave-03 has droped *10* pests
[2019/11/23 06:00:39] - rs485 - serCommu - ERROR - slave-03 has crazy data occurred at the 0-th record.
[2019/11/23 06:00:39] - rs485 - serCommu - ERROR - slave-03 has crazy data occurred at the 1-th record.
[2019/11/23 06:00:39] - rs485 - serCommu - ERROR - slave-03 has crazy data occurred at the 2-th record.
[2019/11/23 06:00:39] - rs485 - serCommu - ERROR - slave-03 has crazy data occurred at the 3-th record.
[2019/11/23 06:00:39] - rs485 - serCommu - ERROR - slave-03 has crazy data occurred at the 4-th record.
[2019/11/23 06:00:39] - rs485 - serCommu - ERROR - slave-03 has crazy data occurred at the 5-th record.
[2019/11/23 06:00:39] - rs485 - serCommu - ERROR - slave-03 has crazy data occurred at the 6-th record.
[2019/11/23 06:00:39] - rs485 - serCommu - ERROR - slave-03 has crazy data occurred at the 7-th record.
[2019/11/23 06:00:39] - rs485 - serCommu - ERROR - slave-03 has crazy data occurred at the 8-th record.
[2019/11/23 06:00:39] - rs485 - serCommu - ERROR - slave-03 has crazy data occurred at the 9-th record.
[2019/11/23 06:00:41] - rs485 - utils - INFO - slave-03 restart success
[2019/11/23 06:00:41] - rs485 - utils - INFO - slave-03 launch bootloader success
[2019/11/23 06:00:41] - rs485 - utils - INFO - slave-03 launch app success
[2019/11/23 06:00:47] - rs485 - serCommu - INFO - slave-04 has droped *2* pests
[2019/11/23 06:00:47] - rs485 - serCommu - ERROR - slave-04 has crazy data occurred at the 0-th record.
[2019/11/23 06:00:47] - rs485 - serCommu - ERROR - slave-04 has crazy data occurred at the 1-th record.
[2019/11/23 06:00:49] - rs485 - utils - INFO - slave-04 restart success
[2019/11/23 06:00:49] - rs485 - utils - INFO - slave-04 launch bootloader success
[2019/11/23 06:00:49] - rs485 - utils - INFO - slave-04 launch app success
[2019/11/23 06:00:54] - rs485 - serCommu - INFO - slave-05 has droped *0* pests
[2019/11/23 06:00:58] - rs485 - serCommu - INFO - slave-06 has droped *0* pests
[2019/11/23 06:01:03] - rs485 - utils - ERROR - slave-07 node down.
[2019/11/23 06:01:08] - rs485 - serCommu - INFO - slave-08 has droped *0* pests
[2019/11/23 06:01:13] - rs485 - utils - ERROR - slave-09 node down.
[2019/11/23 06:01:17] - rs485 - serCommu - INFO - slave-10 has droped *0* pests
[2019/11/23 06:01:22] - rs485 - serCommu - INFO - slave-11 has droped *0* pests
