[2019/12/06 07:00:10] - rs485 - serCommu - INFO - slave-01 has droped *0* pests
[2019/12/06 07:00:20] - rs485 - serCommu - INFO - slave-03 ckFrame failed, restart launch request
[2019/12/06 07:00:27] - rs485 - serCommu - INFO - slave-03 ckFrame failed, restart launch request
[2019/12/06 07:00:33] - rs485 - serCommu - INFO - slave-03 ckFrame failed, restart launch request
[2019/12/06 07:00:39] - rs485 - serCommu - INFO - slave-03 ckFrame failed, restart launch request
[2019/12/06 07:00:45] - rs485 - serCommu - INFO - slave-03 has droped *10* pests
[2019/12/06 07:00:46] - rs485 - serCommu - ERROR - slave-03 has crazy data occurred at the 0-th record.
[2019/12/06 07:00:46] - rs485 - serCommu - ERROR - slave-03 has crazy data occurred at the 1-th record.
[2019/12/06 07:00:46] - rs485 - serCommu - ERROR - slave-03 has crazy data occurred at the 2-th record.
[2019/12/06 07:00:46] - rs485 - serCommu - ERROR - slave-03 has crazy data occurred at the 3-th record.
[2019/12/06 07:00:46] - rs485 - serCommu - ERROR - slave-03 has crazy data occurred at the 4-th record.
[2019/12/06 07:00:46] - rs485 - serCommu - ERROR - slave-03 has crazy data occurred at the 5-th record.
[2019/12/06 07:00:46] - rs485 - serCommu - ERROR - slave-03 has crazy data occurred at the 6-th record.
[2019/12/06 07:00:46] - rs485 - serCommu - ERROR - slave-03 has crazy data occurred at the 7-th record.
[2019/12/06 07:00:46] - rs485 - serCommu - ERROR - slave-03 has crazy data occurred at the 8-th record.
[2019/12/06 07:00:46] - rs485 - serCommu - ERROR - slave-03 has crazy data occurred at the 9-th record.
[2019/12/06 07:00:48] - rs485 - utils - INFO - slave-03 restart success
[2019/12/06 07:00:48] - rs485 - utils - INFO - slave-03 launch bootloader success
[2019/12/06 07:00:48] - rs485 - utils - INFO - slave-03 launch app success
[2019/12/06 07:00:52] - rs485 - serCommu - INFO - slave-04 has droped *0* pests
[2019/12/06 07:00:57] - rs485 - serCommu - INFO - slave-05 has droped *0* pests
[2019/12/06 07:01:01] - rs485 - serCommu - INFO - slave-06 has droped *0* pests
[2019/12/06 07:01:06] - rs485 - utils - ERROR - slave-07 node down.
[2019/12/06 07:01:11] - rs485 - utils - ERROR - slave-08 node down.
[2019/12/06 07:01:16] - rs485 - utils - ERROR - slave-09 node down.
[2019/12/06 07:01:21] - rs485 - serCommu - INFO - slave-10 has droped *0* pests
[2019/12/06 07:01:26] - rs485 - serCommu - INFO - slave-11 has droped *0* pests
