[2019/12/12 02:00:15] - rs485 - serCommu - INFO - slave-01 ckFrame failed, restart launch request
[2019/12/12 02:00:21] - rs485 - serCommu - INFO - slave-01 has droped *10* pests
[2019/12/12 02:00:21] - rs485 - serCommu - ERROR - slave-01 has crazy data occurred at the 0-th record.
[2019/12/12 02:00:21] - rs485 - serCommu - ERROR - slave-01 has crazy data occurred at the 1-th record.
[2019/12/12 02:00:21] - rs485 - serCommu - ERROR - slave-01 has crazy data occurred at the 2-th record.
[2019/12/12 02:00:21] - rs485 - serCommu - ERROR - slave-01 has crazy data occurred at the 3-th record.
[2019/12/12 02:00:21] - rs485 - serCommu - ERROR - slave-01 has crazy data occurred at the 4-th record.
[2019/12/12 02:00:21] - rs485 - serCommu - ERROR - slave-01 has crazy data occurred at the 5-th record.
[2019/12/12 02:00:21] - rs485 - serCommu - ERROR - slave-01 has crazy data occurred at the 6-th record.
[2019/12/12 02:00:21] - rs485 - serCommu - ERROR - slave-01 has crazy data occurred at the 7-th record.
[2019/12/12 02:00:21] - rs485 - serCommu - ERROR - slave-01 has crazy data occurred at the 8-th record.
[2019/12/12 02:00:21] - rs485 - serCommu - ERROR - slave-01 has crazy data occurred at the 9-th record.
[2019/12/12 02:00:23] - rs485 - utils - INFO - slave-01 restart success
[2019/12/12 02:00:23] - rs485 - utils - INFO - slave-01 launch bootloader success
[2019/12/12 02:00:23] - rs485 - utils - INFO - slave-01 launch app success
[2019/12/12 02:00:28] - rs485 - serCommu - INFO - slave-03 has droped *0* pests
[2019/12/12 02:00:33] - rs485 - serCommu - INFO - slave-04 has droped *1* pests
[2019/12/12 02:00:33] - rs485 - serCommu - ERROR - slave-04 has crazy data occurred at the 0-th record.
[2019/12/12 02:00:35] - rs485 - utils - INFO - slave-04 restart success
[2019/12/12 02:00:35] - rs485 - utils - INFO - slave-04 launch bootloader success
[2019/12/12 02:00:35] - rs485 - utils - INFO - slave-04 launch app success
[2019/12/12 02:00:40] - rs485 - serCommu - INFO - slave-05 has droped *0* pests
[2019/12/12 02:00:50] - rs485 - serCommu - INFO - slave-06 has droped *10* pests
[2019/12/12 02:00:50] - rs485 - serCommu - ERROR - slave-06 has crazy data occurred at the 0-th record.
[2019/12/12 02:00:50] - rs485 - serCommu - ERROR - slave-06 has crazy data occurred at the 1-th record.
[2019/12/12 02:00:50] - rs485 - serCommu - ERROR - slave-06 has crazy data occurred at the 2-th record.
[2019/12/12 02:00:50] - rs485 - serCommu - ERROR - slave-06 has crazy data occurred at the 3-th record.
[2019/12/12 02:00:50] - rs485 - serCommu - ERROR - slave-06 has crazy data occurred at the 4-th record.
[2019/12/12 02:00:50] - rs485 - serCommu - ERROR - slave-06 has crazy data occurred at the 5-th record.
[2019/12/12 02:00:50] - rs485 - serCommu - ERROR - slave-06 has crazy data occurred at the 6-th record.
[2019/12/12 02:00:50] - rs485 - serCommu - ERROR - slave-06 has crazy data occurred at the 7-th record.
[2019/12/12 02:00:50] - rs485 - serCommu - ERROR - slave-06 has crazy data occurred at the 8-th record.
[2019/12/12 02:00:50] - rs485 - serCommu - ERROR - slave-06 has crazy data occurred at the 9-th record.
[2019/12/12 02:00:52] - rs485 - utils - INFO - slave-06 restart success
[2019/12/12 02:00:52] - rs485 - utils - INFO - slave-06 launch bootloader success
[2019/12/12 02:00:52] - rs485 - utils - INFO - slave-06 launch app success
[2019/12/12 02:00:57] - rs485 - utils - ERROR - slave-07 node down.
[2019/12/12 02:01:02] - rs485 - utils - ERROR - slave-08 node down.
[2019/12/12 02:01:07] - rs485 - utils - ERROR - slave-09 node down.
[2019/12/12 02:01:13] - rs485 - serCommu - INFO - slave-10 has droped *1* pests
[2019/12/12 02:01:13] - rs485 - serCommu - ERROR - slave-10 has crazy data occurred at the 0-th record.
[2019/12/12 02:01:15] - rs485 - utils - INFO - slave-10 restart success
[2019/12/12 02:01:15] - rs485 - utils - INFO - slave-10 launch bootloader success
[2019/12/12 02:01:15] - rs485 - utils - INFO - slave-10 launch app success
[2019/12/12 02:01:19] - rs485 - serCommu - INFO - slave-11 has droped *0* pests
