[2019/11/21 01:20:10] - rs485 - serCommu - INFO - slave-01 has droped *1* pests
[2019/11/21 01:20:10] - rs485 - serCommu - ERROR - slave-01 has crazy data occurred at the 0-th record.
[2019/11/21 01:20:12] - rs485 - utils - INFO - slave-01 restart success
[2019/11/21 01:20:12] - rs485 - utils - INFO - slave-01 launch bootloader success
[2019/11/21 01:20:12] - rs485 - utils - INFO - slave-01 launch app success
[2019/11/21 01:20:17] - rs485 - serCommu - INFO - slave-03 has droped *0* pests
[2019/11/21 01:20:24] - rs485 - serCommu - INFO - slave-04 ckFrame failed, restart launch request
[2019/11/21 01:20:26] - rs485 - serCommu - INFO - slave-04 has droped *4* pests
[2019/11/21 01:20:26] - rs485 - serCommu - ERROR - slave-04 has crazy data occurred at the 0-th record.
[2019/11/21 01:20:26] - rs485 - serCommu - ERROR - slave-04 has crazy data occurred at the 1-th record.
[2019/11/21 01:20:27] - rs485 - serCommu - ERROR - slave-04 has crazy data occurred at the 2-th record.
[2019/11/21 01:20:27] - rs485 - serCommu - ERROR - slave-04 has crazy data occurred at the 3-th record.
[2019/11/21 01:20:29] - rs485 - utils - INFO - slave-04 restart success
[2019/11/21 01:20:29] - rs485 - utils - INFO - slave-04 launch bootloader success
[2019/11/21 01:20:29] - rs485 - utils - INFO - slave-04 launch app success
[2019/11/21 01:20:33] - rs485 - serCommu - INFO - slave-05 has droped *0* pests
[2019/11/21 01:20:38] - rs485 - serCommu - INFO - slave-06 has droped *0* pests
[2019/11/21 01:20:43] - rs485 - utils - ERROR - slave-07 node down.
[2019/11/21 01:20:48] - rs485 - serCommu - INFO - slave-08 has droped *1* pests
[2019/11/21 01:20:48] - rs485 - serCommu - ERROR - slave-08 has crazy data occurred at the 0-th record.
[2019/11/21 01:20:50] - rs485 - utils - INFO - slave-08 restart success
[2019/11/21 01:20:50] - rs485 - utils - INFO - slave-08 launch bootloader success
[2019/11/21 01:20:50] - rs485 - utils - INFO - slave-08 launch app success
[2019/11/21 01:20:55] - rs485 - utils - ERROR - slave-09 node down.
[2019/11/21 01:21:00] - rs485 - serCommu - INFO - slave-10 has droped *0* pests
[2019/11/21 01:21:04] - rs485 - serCommu - INFO - slave-11 has droped *0* pests
