[2019/11/26 06:20:09] - rs485 - serCommu - INFO - slave-01 has droped *0* pests
[2019/11/26 06:20:20] - rs485 - serCommu - INFO - slave-03 ckFrame failed, restart launch request
[2019/11/26 06:20:26] - rs485 - serCommu - INFO - slave-03 ckFrame failed, restart launch request
[2019/11/26 06:20:32] - rs485 - serCommu - INFO - slave-03 ckFrame failed, restart launch request
[2019/11/26 06:20:39] - rs485 - serCommu - INFO - slave-03 ckFrame failed, restart launch request
[2019/11/26 06:20:45] - rs485 - serCommu - INFO - slave-03 has droped *10* pests
[2019/11/26 06:20:45] - rs485 - serCommu - ERROR - slave-03 has crazy data occurred at the 0-th record.
[2019/11/26 06:20:45] - rs485 - serCommu - ERROR - slave-03 has crazy data occurred at the 1-th record.
[2019/11/26 06:20:45] - rs485 - serCommu - ERROR - slave-03 has crazy data occurred at the 2-th record.
[2019/11/26 06:20:45] - rs485 - serCommu - ERROR - slave-03 has crazy data occurred at the 3-th record.
[2019/11/26 06:20:45] - rs485 - serCommu - ERROR - slave-03 has crazy data occurred at the 4-th record.
[2019/11/26 06:20:45] - rs485 - serCommu - ERROR - slave-03 has crazy data occurred at the 5-th record.
[2019/11/26 06:20:45] - rs485 - serCommu - ERROR - slave-03 has crazy data occurred at the 6-th record.
[2019/11/26 06:20:45] - rs485 - serCommu - ERROR - slave-03 has crazy data occurred at the 7-th record.
[2019/11/26 06:20:45] - rs485 - serCommu - ERROR - slave-03 has crazy data occurred at the 8-th record.
[2019/11/26 06:20:45] - rs485 - serCommu - ERROR - slave-03 has crazy data occurred at the 9-th record.
[2019/11/26 06:20:47] - rs485 - utils - INFO - slave-03 restart success
[2019/11/26 06:20:47] - rs485 - utils - INFO - slave-03 launch bootloader success
[2019/11/26 06:20:47] - rs485 - utils - INFO - slave-03 launch app success
[2019/11/26 06:20:52] - rs485 - serCommu - INFO - slave-04 has droped *0* pests
[2019/11/26 06:20:56] - rs485 - serCommu - INFO - slave-05 has droped *0* pests
[2019/11/26 06:21:01] - rs485 - serCommu - INFO - slave-06 has droped *0* pests
[2019/11/26 06:21:06] - rs485 - utils - ERROR - slave-07 node down.
[2019/11/26 06:21:11] - rs485 - serCommu - INFO - slave-08 ckFrame failed, restart launch request
[2019/11/26 06:21:12] - rs485 - serCommu - INFO - slave-08 has droped *1* pests
[2019/11/26 06:21:12] - rs485 - serCommu - ERROR - slave-08 has crazy data occurred at the 0-th record.
[2019/11/26 06:21:14] - rs485 - utils - INFO - slave-08 restart success
[2019/11/26 06:21:14] - rs485 - utils - INFO - slave-08 launch bootloader success
[2019/11/26 06:21:14] - rs485 - utils - INFO - slave-08 launch app success
[2019/11/26 06:21:19] - rs485 - utils - ERROR - slave-09 node down.
[2019/11/26 06:21:24] - rs485 - serCommu - INFO - slave-10 has droped *0* pests
[2019/11/26 06:21:28] - rs485 - serCommu - INFO - slave-11 has droped *0* pests
