[2019/11/22 06:40:10] - rs485 - serCommu - INFO - slave-01 has droped *0* pests
[2019/11/22 06:40:20] - rs485 - serCommu - INFO - slave-03 ckFrame failed, restart launch request
[2019/11/22 06:40:27] - rs485 - serCommu - INFO - slave-03 ckFrame failed, restart launch request
[2019/11/22 06:40:33] - rs485 - serCommu - INFO - slave-03 has droped *10* pests
[2019/11/22 06:40:33] - rs485 - serCommu - ERROR - slave-03 has crazy data occurred at the 0-th record.
[2019/11/22 06:40:33] - rs485 - serCommu - ERROR - slave-03 has crazy data occurred at the 1-th record.
[2019/11/22 06:40:33] - rs485 - serCommu - ERROR - slave-03 has crazy data occurred at the 2-th record.
[2019/11/22 06:40:33] - rs485 - serCommu - ERROR - slave-03 has crazy data occurred at the 3-th record.
[2019/11/22 06:40:33] - rs485 - serCommu - ERROR - slave-03 has crazy data occurred at the 4-th record.
[2019/11/22 06:40:33] - rs485 - serCommu - ERROR - slave-03 has crazy data occurred at the 5-th record.
[2019/11/22 06:40:33] - rs485 - serCommu - ERROR - slave-03 has crazy data occurred at the 6-th record.
[2019/11/22 06:40:33] - rs485 - serCommu - ERROR - slave-03 has crazy data occurred at the 7-th record.
[2019/11/22 06:40:33] - rs485 - serCommu - ERROR - slave-03 has crazy data occurred at the 8-th record.
[2019/11/22 06:40:33] - rs485 - serCommu - ERROR - slave-03 has crazy data occurred at the 9-th record.
[2019/11/22 06:40:35] - rs485 - utils - INFO - slave-03 restart success
[2019/11/22 06:40:35] - rs485 - utils - INFO - slave-03 launch bootloader success
[2019/11/22 06:40:35] - rs485 - utils - INFO - slave-03 launch app success
[2019/11/22 06:40:45] - rs485 - serCommu - INFO - slave-04 ckFrame failed, restart launch request
[2019/11/22 06:40:52] - rs485 - serCommu - INFO - slave-04 ckFrame failed, restart launch request
[2019/11/22 06:40:58] - rs485 - serCommu - INFO - slave-04 ckFrame failed, restart launch request
[2019/11/22 06:41:04] - rs485 - serCommu - INFO - slave-04 has droped *10* pests
[2019/11/22 06:41:04] - rs485 - serCommu - ERROR - slave-04 has crazy data occurred at the 0-th record.
[2019/11/22 06:41:04] - rs485 - serCommu - ERROR - slave-04 has crazy data occurred at the 1-th record.
[2019/11/22 06:41:04] - rs485 - serCommu - ERROR - slave-04 has crazy data occurred at the 2-th record.
[2019/11/22 06:41:04] - rs485 - serCommu - ERROR - slave-04 has crazy data occurred at the 3-th record.
[2019/11/22 06:41:04] - rs485 - serCommu - ERROR - slave-04 has crazy data occurred at the 4-th record.
[2019/11/22 06:41:04] - rs485 - serCommu - ERROR - slave-04 has crazy data occurred at the 5-th record.
[2019/11/22 06:41:04] - rs485 - serCommu - ERROR - slave-04 has crazy data occurred at the 6-th record.
[2019/11/22 06:41:04] - rs485 - serCommu - ERROR - slave-04 has crazy data occurred at the 7-th record.
[2019/11/22 06:41:04] - rs485 - serCommu - ERROR - slave-04 has crazy data occurred at the 8-th record.
[2019/11/22 06:41:04] - rs485 - serCommu - ERROR - slave-04 has crazy data occurred at the 9-th record.
[2019/11/22 06:41:06] - rs485 - utils - INFO - slave-04 restart success
[2019/11/22 06:41:06] - rs485 - utils - INFO - slave-04 launch bootloader success
[2019/11/22 06:41:06] - rs485 - utils - INFO - slave-04 launch app success
[2019/11/22 06:41:11] - rs485 - serCommu - INFO - slave-05 has droped *0* pests
[2019/11/22 06:41:15] - rs485 - serCommu - INFO - slave-06 has droped *0* pests
[2019/11/22 06:41:20] - rs485 - utils - ERROR - slave-07 node down.
[2019/11/22 06:41:25] - rs485 - serCommu - INFO - slave-08 has droped *0* pests
[2019/11/22 06:41:30] - rs485 - utils - ERROR - slave-09 node down.
[2019/11/22 06:41:34] - rs485 - serCommu - INFO - slave-10 has droped *0* pests
[2019/11/22 06:41:39] - rs485 - serCommu - INFO - slave-11 has droped *0* pests
