[2019/11/21 03:40:10] - rs485 - serCommu - INFO - slave-01 has droped *1* pests
[2019/11/21 03:40:10] - rs485 - serCommu - ERROR - slave-01 has crazy data occurred at the 0-th record.
[2019/11/21 03:40:12] - rs485 - utils - INFO - slave-01 restart success
[2019/11/21 03:40:12] - rs485 - utils - INFO - slave-01 launch bootloader success
[2019/11/21 03:40:12] - rs485 - utils - INFO - slave-01 launch app success
[2019/11/21 03:40:16] - rs485 - serCommu - INFO - slave-03 has droped *0* pests
[2019/11/21 03:40:25] - rs485 - serCommu - INFO - slave-04 ckFrame failed, restart launch request
[2019/11/21 03:40:30] - rs485 - serCommu - INFO - slave-04 ckFrame failed, restart launch request
[2019/11/21 03:40:34] - rs485 - serCommu - INFO - slave-04 has droped *7* pests
[2019/11/21 03:40:34] - rs485 - serCommu - ERROR - slave-04 has crazy data occurred at the 0-th record.
[2019/11/21 03:40:34] - rs485 - serCommu - ERROR - slave-04 has crazy data occurred at the 1-th record.
[2019/11/21 03:40:34] - rs485 - serCommu - ERROR - slave-04 has crazy data occurred at the 2-th record.
[2019/11/21 03:40:34] - rs485 - serCommu - ERROR - slave-04 has crazy data occurred at the 3-th record.
[2019/11/21 03:40:34] - rs485 - serCommu - ERROR - slave-04 has crazy data occurred at the 4-th record.
[2019/11/21 03:40:34] - rs485 - serCommu - ERROR - slave-04 has crazy data occurred at the 5-th record.
[2019/11/21 03:40:34] - rs485 - serCommu - ERROR - slave-04 has crazy data occurred at the 6-th record.
[2019/11/21 03:40:36] - rs485 - utils - INFO - slave-04 restart success
[2019/11/21 03:40:36] - rs485 - utils - INFO - slave-04 launch bootloader success
[2019/11/21 03:40:36] - rs485 - utils - INFO - slave-04 launch app success
[2019/11/21 03:40:41] - rs485 - serCommu - INFO - slave-05 has droped *0* pests
[2019/11/21 03:40:45] - rs485 - serCommu - INFO - slave-06 has droped *0* pests
[2019/11/21 03:40:50] - rs485 - utils - ERROR - slave-07 node down.
[2019/11/21 03:40:55] - rs485 - serCommu - INFO - slave-08 has droped *0* pests
[2019/11/21 03:41:00] - rs485 - utils - ERROR - slave-09 node down.
[2019/11/21 03:41:05] - rs485 - serCommu - INFO - slave-10 has droped *0* pests
[2019/11/21 03:41:09] - rs485 - serCommu - INFO - slave-11 has droped *0* pests
