[2019/11/26 07:20:11] - rs485 - serCommu - INFO - slave-01 has droped *2* pests
[2019/11/26 07:20:11] - rs485 - serCommu - ERROR - slave-01 has crazy data occurred at the 0-th record.
[2019/11/26 07:20:11] - rs485 - serCommu - ERROR - slave-01 has crazy data occurred at the 1-th record.
[2019/11/26 07:20:13] - rs485 - utils - INFO - slave-01 restart success
[2019/11/26 07:20:13] - rs485 - utils - INFO - slave-01 launch bootloader success
[2019/11/26 07:20:13] - rs485 - utils - INFO - slave-01 launch app success
[2019/11/26 07:20:23] - rs485 - serCommu - INFO - slave-03 ckFrame failed, restart launch request
[2019/11/26 07:20:30] - rs485 - serCommu - INFO - slave-03 ckFrame failed, restart launch request
[2019/11/26 07:20:36] - rs485 - serCommu - INFO - slave-03 ckFrame failed, restart launch request
[2019/11/26 07:20:42] - rs485 - serCommu - INFO - slave-03 ckFrame failed, restart launch request
[2019/11/26 07:20:48] - rs485 - serCommu - INFO - slave-03 ckFrame failed, restart launch request
[2019/11/26 07:20:54] - rs485 - serCommu - INFO - slave-03 ckFrame failed, restart launch request
[2019/11/26 07:20:56] - rs485 - utils - INFO - slave-03 restart success
[2019/11/26 07:20:56] - rs485 - utils - INFO - slave-03 launch bootloader success
[2019/11/26 07:20:56] - rs485 - utils - INFO - slave-03 launch app success
[2019/11/26 07:21:01] - rs485 - serCommu - INFO - slave-04 has droped *0* pests
[2019/11/26 07:21:05] - rs485 - serCommu - INFO - slave-05 has droped *0* pests
[2019/11/26 07:21:10] - rs485 - serCommu - INFO - slave-06 has droped *0* pests
[2019/11/26 07:21:15] - rs485 - utils - ERROR - slave-07 node down.
[2019/11/26 07:21:20] - rs485 - serCommu - INFO - slave-08 has droped *0* pests
[2019/11/26 07:21:24] - rs485 - utils - ERROR - slave-09 node down.
[2019/11/26 07:21:29] - rs485 - serCommu - INFO - slave-10 has droped *0* pests
[2019/11/26 07:21:34] - rs485 - serCommu - INFO - slave-11 has droped *0* pests
