[2019/12/04 02:40:09] - rs485 - serCommu - INFO - slave-01 has droped *0* pests
[2019/12/04 02:40:19] - rs485 - serCommu - INFO - slave-03 ckFrame failed, restart launch request
[2019/12/04 02:40:26] - rs485 - serCommu - INFO - slave-03 ckFrame failed, restart launch request
[2019/12/04 02:40:32] - rs485 - serCommu - INFO - slave-03 has droped *10* pests
[2019/12/04 02:40:32] - rs485 - serCommu - ERROR - slave-03 has crazy data occurred at the 0-th record.
[2019/12/04 02:40:32] - rs485 - serCommu - ERROR - slave-03 has crazy data occurred at the 1-th record.
[2019/12/04 02:40:32] - rs485 - serCommu - ERROR - slave-03 has crazy data occurred at the 2-th record.
[2019/12/04 02:40:32] - rs485 - serCommu - ERROR - slave-03 has crazy data occurred at the 3-th record.
[2019/12/04 02:40:32] - rs485 - serCommu - ERROR - slave-03 has crazy data occurred at the 4-th record.
[2019/12/04 02:40:32] - rs485 - serCommu - ERROR - slave-03 has crazy data occurred at the 5-th record.
[2019/12/04 02:40:32] - rs485 - serCommu - ERROR - slave-03 has crazy data occurred at the 6-th record.
[2019/12/04 02:40:32] - rs485 - serCommu - ERROR - slave-03 has crazy data occurred at the 7-th record.
[2019/12/04 02:40:32] - rs485 - serCommu - ERROR - slave-03 has crazy data occurred at the 8-th record.
[2019/12/04 02:40:32] - rs485 - serCommu - ERROR - slave-03 has crazy data occurred at the 9-th record.
[2019/12/04 02:40:34] - rs485 - utils - INFO - slave-03 restart success
[2019/12/04 02:40:34] - rs485 - utils - INFO - slave-03 launch bootloader success
[2019/12/04 02:40:34] - rs485 - utils - INFO - slave-03 launch app success
[2019/12/04 02:40:39] - rs485 - serCommu - INFO - slave-04 has droped *0* pests
[2019/12/04 02:40:43] - rs485 - serCommu - INFO - slave-05 has droped *0* pests
[2019/12/04 02:40:48] - rs485 - serCommu - INFO - slave-06 has droped *0* pests
[2019/12/04 02:40:53] - rs485 - utils - ERROR - slave-07 node down.
[2019/12/04 02:40:58] - rs485 - utils - ERROR - slave-08 node down.
[2019/12/04 02:41:03] - rs485 - utils - ERROR - slave-09 node down.
[2019/12/04 02:41:07] - rs485 - serCommu - INFO - slave-10 has droped *0* pests
[2019/12/04 02:41:12] - rs485 - serCommu - INFO - slave-11 has droped *0* pests
